\BOOKMARK [0][-]{chapter.1}{Protein\040parameters\040analysis}{}% 1
\BOOKMARK [1][-]{section.1.1}{Amino\040acid\040composition}{chapter.1}% 2
\BOOKMARK [1][-]{section.1.2}{Potential\040sites\040of\040chemical\040modification}{chapter.1}% 3
\BOOKMARK [2][-]{subsection.1.2.1}{Potential\040deamidation\040positions}{section.1.2}% 4
\BOOKMARK [2][-]{subsection.1.2.2}{Potential\040o-linked\040glycosylation\040sites}{section.1.2}% 5
\BOOKMARK [2][-]{subsection.1.2.3}{Potential\040n-linked\040glycosylation\040sites}{section.1.2}% 6
\BOOKMARK [1][-]{section.1.3}{Secondary\040structure\040fraction}{chapter.1}% 7
\BOOKMARK [1][-]{section.1.4}{Secondary\040structure\040prediction}{chapter.1}% 8
\BOOKMARK [1][-]{section.1.5}{Structural\040analysis}{chapter.1}% 9
\BOOKMARK [2][-]{subsection.1.5.1}{Detection\040of\040disulfide\040bonds}{section.1.5}% 10
\BOOKMARK [2][-]{subsection.1.5.2}{Calculation\040of\040protein\040diameter}{section.1.5}% 11
\BOOKMARK [1][-]{section.1.6}{Protein\040Scales}{chapter.1}% 12
\BOOKMARK [2][-]{subsection.1.6.1}{Hydrophobicity\040index}{section.1.6}% 13
\BOOKMARK [2][-]{subsection.1.6.2}{Hydrophilicity\040index}{section.1.6}% 14
\BOOKMARK [2][-]{subsection.1.6.3}{Flexibility\040index}{section.1.6}% 15
\BOOKMARK [2][-]{subsection.1.6.4}{Surface\040accessibility}{section.1.6}% 16
\BOOKMARK [2][-]{subsection.1.6.5}{Instability\040index}{section.1.6}% 17
\BOOKMARK [0][-]{chapter.2}{Immunogenicity\040analysis}{}% 18
\BOOKMARK [1][-]{section.2.1}{MHC\040class\0401}{chapter.2}% 19
\BOOKMARK [2][-]{subsection.2.1.1}{Predicts\040binding\040of\040peptides\040to\040MHC\040class1}{section.2.1}% 20
\BOOKMARK [2][-]{subsection.2.1.2}{Top10\040strong\040binding\040peptide}{section.2.1}% 21
\BOOKMARK [2][-]{subsection.2.1.3}{Frequency\040of\040binding\040peptide}{section.2.1}% 22
\BOOKMARK [1][-]{section.2.2}{MHC\040class\0402}{chapter.2}% 23
\BOOKMARK [2][-]{subsection.2.2.1}{Predicts\040binding\040of\040peptides\040to\040MHC\040class2}{section.2.2}% 24
\BOOKMARK [2][-]{subsection.2.2.2}{Top10\040binding\040peptide}{section.2.2}% 25
\BOOKMARK [2][-]{subsection.2.2.3}{Frequency\040of\040binding\040peptide}{section.2.2}% 26
\BOOKMARK [1][-]{section.2.3}{Appendix}{chapter.2}% 27
