\BOOKMARK [0][-]{chapter.1}{Protein\040parameters\040analysis}{}% 1
\BOOKMARK [1][-]{section.1.1}{Input\040sequences}{chapter.1}% 2
\BOOKMARK [1][-]{section.1.2}{Molecular\040weight}{chapter.1}% 3
\BOOKMARK [1][-]{section.1.3}{Chemical\040composition}{chapter.1}% 4
\BOOKMARK [1][-]{section.1.4}{Amino\040acid\040composition}{chapter.1}% 5
\BOOKMARK [2][-]{subsection.1.4.1}{Number\040of\040each\040amino\040acids}{section.1.4}% 6
\BOOKMARK [2][-]{subsection.1.4.2}{Percent\040of\040amino\040acid\040contents}{section.1.4}% 7
\BOOKMARK [1][-]{section.1.5}{Theoretical\040pI}{chapter.1}% 8
\BOOKMARK [2][-]{subsection.1.5.1}{Charge\040of\040target\040protein\040ins\040PBS}{section.1.5}% 9
\BOOKMARK [1][-]{section.1.6}{Extinction\040coefficient}{chapter.1}% 10
\BOOKMARK [2][-]{subsection.1.6.1}{with\040reduced\040cysteines}{section.1.6}% 11
\BOOKMARK [2][-]{subsection.1.6.2}{with\040non-reduced\040cysteines}{section.1.6}% 12
\BOOKMARK [1][-]{section.1.7}{Aromaticity}{chapter.1}% 13
\BOOKMARK [1][-]{section.1.8}{GRAVY}{chapter.1}% 14
\BOOKMARK [1][-]{section.1.9}{Instability_index}{chapter.1}% 15
\BOOKMARK [0][-]{chapter.2}{Potential\040sites\040of\040chemical\040modification}{}% 16
\BOOKMARK [1][-]{section.2.1}{Potential\040deamidation\040positions}{chapter.2}% 17
\BOOKMARK [2][-]{subsection.2.1.1}{Search\040patterns:\040ASN/GLN-ALA/GLY/SER/THR}{section.2.1}% 18
\BOOKMARK [1][-]{section.2.2}{Potential\040o-linked\040glycosylation\040sites}{chapter.2}% 19
\BOOKMARK [2][-]{subsection.2.2.1}{Search\040patterns:\040PRO-SER/THR}{section.2.2}% 20
\BOOKMARK [2][-]{subsection.2.2.2}{Search\040patterns:\040SER/THR-X-X-PRO}{section.2.2}% 21
\BOOKMARK [1][-]{section.2.3}{Potential\040n-linked\040glycosylation\040sites}{chapter.2}% 22
\BOOKMARK [2][-]{subsection.2.3.1}{Search\040patterns:\040ASN-X-SER/THR}{section.2.3}% 23
\BOOKMARK [0][-]{chapter.3}{Secondary\040structure\040fraction}{}% 24
\BOOKMARK [1][-]{section.3.1}{Secondary\040structure\040prediction}{chapter.3}% 25
\BOOKMARK [0][-]{chapter.4}{Protein\040Scales}{}% 26
\BOOKMARK [1][-]{section.4.1}{Hydrophobicity\040index}{chapter.4}% 27
\BOOKMARK [1][-]{section.4.2}{Hydrophilicity\040index}{chapter.4}% 28
\BOOKMARK [1][-]{section.4.3}{Flexibility\040index}{chapter.4}% 29
\BOOKMARK [1][-]{section.4.4}{Surface\040accessibility}{chapter.4}% 30
\BOOKMARK [1][-]{section.4.5}{Instability\040index}{chapter.4}% 31
\BOOKMARK [0][-]{chapter.5}{Structural\040analysis}{}% 32
\BOOKMARK [1][-]{section.5.1}{Detection\040of\040disulfide\040bonds}{chapter.5}% 33
\BOOKMARK [1][-]{section.5.2}{Calculation\040of\040protein\040diameter}{chapter.5}% 34
\BOOKMARK [1][-]{section.5.3}{Ramachandran\040plot}{chapter.5}% 35
\BOOKMARK [0][-]{chapter.6}{Immunogenicity\040analysis}{}% 36
\BOOKMARK [1][-]{section.6.1}{MHC\040class\0401}{chapter.6}% 37
\BOOKMARK [2][-]{subsection.6.1.1}{MHC\040class1\040binding\040peptide}{section.6.1}% 38
\BOOKMARK [3][-]{subsubsection*.3}{Top10\040strong\040binding\040peptide}{subsection.6.1.1}% 39
\BOOKMARK [3][-]{subsubsection*.4}{Frequency\040of\040binding\040peptide}{subsection.6.1.1}% 40
\BOOKMARK [1][-]{section.6.2}{MHC\040class\0402}{chapter.6}% 41
\BOOKMARK [2][-]{subsection.6.2.1}{MHC\040class\0402\040binder\040peptide}{section.6.2}% 42
\BOOKMARK [3][-]{subsubsection*.5}{Top10\040peptide}{subsection.6.2.1}% 43
\BOOKMARK [3][-]{subsubsection*.6}{Frequency\040of\040binding\040peptide}{subsection.6.2.1}% 44
\BOOKMARK [0][-]{chapter.7}{Appendix}{}% 45
